# JRE version: Java(TM) SE Runtime Environment (8.0_25-b18) (build 1.8.0_25-b18)
# Java VM: Java HotSpot(TM) 64-Bit Server VM (25.25-b02 mixed mode windows-amd64 compressed oops)
Heap:
 PSYoungGen      total 69632K, used 65600K [0x00000000eb200000, 0x00000000efa00000, 0x0000000100000000)
  eden space 65536K, 100% used [0x00000000eb200000,0x00000000ef200000,0x00000000ef200000)
  from space 4096K, 1% used [0x00000000ef600000,0x00000000ef610000,0x00000000efa00000)
  to   space 4096K, 2% used [0x00000000ef200000,0x00000000ef218000,0x00000000ef600000)
 ParOldGen       total 44032K, used 3685K [0x00000000c1600000, 0x00000000c4100000, 0x00000000eb200000)
  object space 44032K, 8% used [0x00000000c1600000,0x00000000c19994c8,0x00000000c4100000)
 Metaspace       used 10629K, capacity 10732K, committed 10880K, reserved 1058816K
  class space    used 1334K, capacity 1385K, committed 1408K, reserved 1048576K
GC Heap History (10 events):
Event: 8.450 GC heap before
{Heap before GC invocations=4 (full 0):
 PSYoungGen      total 18944K, used 18937K [0x00000000eb200000, 0x00000000ed700000, 0x0000000100000000)
  eden space 16384K, 100% used [0x00000000eb200000,0x00000000ec200000,0x00000000ec200000)
  from space 2560K, 99% used [0x00000000ec200000,0x00000000ec47e540,0x00000000ec480000)
  to   space 2560K, 0% used [0x00000000ed480000,0x00000000ed480000,0x00000000ed700000)
 ParOldGen       total 44032K, used 697K [0x00000000c1600000, 0x00000000c4100000, 0x00000000eb200000)
  object space 44032K, 1% used [0x00000000c1600000,0x00000000c16ae730,0x00000000c4100000)
 Metaspace       used 10319K, capacity 10468K, committed 10624K, reserved 1058816K
  class space    used 1333K, capacity 1385K, committed 1408K, reserved 1048576K
Event: 8.459 GC heap after
Heap after GC invocations=4 (full 0):
 PSYoungGen      total 35328K, used 2553K [0x00000000eb200000, 0x00000000ed700000, 0x0000000100000000)
  eden space 32768K, 0% used [0x00000000eb200000,0x00000000eb200000,0x00000000ed200000)
  from space 2560K, 99% used [0x00000000ed480000,0x00000000ed6fe540,0x00000000ed700000)
  to   space 2560K, 0% used [0x00000000ed200000,0x00000000ed200000,0x00000000ed480000)
 ParOldGen       total 44032K, used 705K [0x00000000c1600000, 0x00000000c4100000, 0x00000000eb200000)
  object space 44032K, 1% used [0x00000000c1600000,0x00000000c16b0730,0x00000000c4100000)
 Metaspace       used 10319K, capacity 10468K, committed 10624K, reserved 1058816K
  class space    used 1333K, capacity 1385K, committed 1408K, reserved 1048576K
}
Event: 8.578 GC heap before
{Heap before GC invocations=5 (full 0):
 PSYoungGen      total 35328K, used 35321K [0x00000000eb200000, 0x00000000ed700000, 0x0000000100000000)
  eden space 32768K, 100% used [0x00000000eb200000,0x00000000ed200000,0x00000000ed200000)
  from space 2560K, 99% used [0x00000000ed480000,0x00000000ed6fe540,0x00000000ed700000)
  to   space 2560K, 0% used [0x00000000ed200000,0x00000000ed200000,0x00000000ed480000)
 ParOldGen       total 44032K, used 707K [0x00000000c1600000, 0x00000000c4100000, 0x00000000eb200000)
  object space 44032K, 1% used [0x00000000c1600000,0x00000000c16b0d98,0x00000000c4100000)
 Metaspace       used 10391K, capacity 10532K, committed 10624K, reserved 1058816K
  class space    used 1333K, capacity 1385K, committed 1408K, reserved 1048576K
Event: 8.603 GC heap after
Heap after GC invocations=5 (full 0):
 PSYoungGen      total 35328K, used 2521K [0x00000000eb200000, 0x00000000ed700000, 0x0000000100000000)
  eden space 32768K, 0% used [0x00000000eb200000,0x00000000eb200000,0x00000000ed200000)
  from space 2560K, 98% used [0x00000000ed200000,0x00000000ed476540,0x00000000ed480000)
  to   space 2560K, 0% used [0x00000000ed480000,0x00000000ed480000,0x00000000ed700000)
 ParOldGen       total 44032K, used 707K [0x00000000c1600000, 0x00000000c4100000, 0x00000000eb200000)
  object space 44032K, 1% used [0x00000000c1600000,0x00000000c16b0d98,0x00000000c4100000)
 Metaspace       used 10391K, capacity 10532K, committed 10624K, reserved 1058816K
  class space    used 1333K, capacity 1385K, committed 1408K, reserved 1048576K
}
Event: 8.603 GC heap before
{Heap before GC invocations=6 (full 0):
 PSYoungGen      total 35328K, used 3143K [0x00000000eb200000, 0x00000000ed700000, 0x0000000100000000)
  eden space 32768K, 1% used [0x00000000eb200000,0x00000000eb29b800,0x00000000ed200000)
  from space 2560K, 98% used [0x00000000ed200000,0x00000000ed476540,0x00000000ed480000)
  to   space 2560K, 0% used [0x00000000ed480000,0x00000000ed480000,0x00000000ed700000)
 ParOldGen       total 44032K, used 707K [0x00000000c1600000, 0x00000000c4100000, 0x00000000eb200000)
  object space 44032K, 1% used [0x00000000c1600000,0x00000000c16b0d98,0x00000000c4100000)
 Metaspace       used 10391K, capacity 10532K, committed 10624K, reserved 1058816K
  class space    used 1333K, capacity 1385K, committed 1408K, reserved 1048576K
Event: 8.653 GC heap after
Heap after GC invocations=6 (full 0):
 PSYoungGen      total 35328K, used 2489K [0x00000000eb200000, 0x00000000ed700000, 0x0000000100000000)
  eden space 32768K, 0% used [0x00000000eb200000,0x00000000eb200000,0x00000000ed200000)
  from space 2560K, 97% used [0x00000000ed480000,0x00000000ed6ee540,0x00000000ed700000)
  to   space 2560K, 0% used [0x00000000ed200000,0x00000000ed200000,0x00000000ed480000)
 ParOldGen       total 44032K, used 715K [0x00000000c1600000, 0x00000000c4100000, 0x00000000eb200000)
  object space 44032K, 1% used [0x00000000c1600000,0x00000000c16b2d98,0x00000000c4100000)
 Metaspace       used 10391K, capacity 10532K, committed 10624K, reserved 1058816K
  class space    used 1333K, capacity 1385K, committed 1408K, reserved 1048576K
}
Event: 8.734 GC heap before
{Heap before GC invocations=7 (full 0):
 PSYoungGen      total 35328K, used 35257K [0x00000000eb200000, 0x00000000ed700000, 0x0000000100000000)
  eden space 32768K, 100% used [0x00000000eb200000,0x00000000ed200000,0x00000000ed200000)
  from space 2560K, 97% used [0x00000000ed480000,0x00000000ed6ee540,0x00000000ed700000)
  to   space 2560K, 0% used [0x00000000ed200000,0x00000000ed200000,0x00000000ed480000)
 ParOldGen       total 44032K, used 715K [0x00000000c1600000, 0x00000000c4100000, 0x00000000eb200000)
  object space 44032K, 1% used [0x00000000c1600000,0x00000000c16b2d98,0x00000000c4100000)
 Metaspace       used 10393K, capacity 10532K, committed 10624K, reserved 1058816K
  class space    used 1333K, capacity 1385K, committed 1408K, reserved 1048576K
Event: 8.744 GC heap after
Heap after GC invocations=7 (full 0):
 PSYoungGen      total 35328K, used 96K [0x00000000eb200000, 0x00000000efa00000, 0x0000000100000000)
  eden space 32768K, 0% used [0x00000000eb200000,0x00000000eb200000,0x00000000ed200000)
  from space 2560K, 3% used [0x00000000ed200000,0x00000000ed218000,0x00000000ed480000)
  to   space 4096K, 0% used [0x00000000ef600000,0x00000000ef600000,0x00000000efa00000)
 ParOldGen       total 44032K, used 3096K [0x00000000c1600000, 0x00000000c4100000, 0x00000000eb200000)
  object space 44032K, 7% used [0x00000000c1600000,0x00000000c1906318,0x00000000c4100000)
 Metaspace       used 10393K, capacity 10532K, committed 10624K, reserved 1058816K
  class space    used 1333K, capacity 1385K, committed 1408K, reserved 1048576K
}
Event: 8.794 GC heap before
{Heap before GC invocations=8 (full 0):
 PSYoungGen      total 35328K, used 32864K [0x00000000eb200000, 0x00000000efa00000, 0x0000000100000000)
  eden space 32768K, 100% used [0x00000000eb200000,0x00000000ed200000,0x00000000ed200000)
  from space 2560K, 3% used [0x00000000ed200000,0x00000000ed218000,0x00000000ed480000)
  to   space 4096K, 0% used [0x00000000ef600000,0x00000000ef600000,0x00000000efa00000)
 ParOldGen       total 44032K, used 3096K [0x00000000c1600000, 0x00000000c4100000, 0x00000000eb200000)
  object space 44032K, 7% used [0x00000000c1600000,0x00000000c1906318,0x00000000c4100000)
 Metaspace       used 10406K, capacity 10532K, committed 10624K, reserved 1058816K
  class space    used 1333K, capacity 1385K, committed 1408K, reserved 1048576K
Event: 8.794 GC heap after
Heap after GC invocations=8 (full 0):
 PSYoungGen      total 69632K, used 160K [0x00000000eb200000, 0x00000000efa00000, 0x0000000100000000)
  eden space 65536K, 0% used [0x00000000eb200000,0x00000000eb200000,0x00000000ef200000)
  from space 4096K, 3% used [0x00000000ef600000,0x00000000ef628000,0x00000000efa00000)
  to   space 4096K, 0% used [0x00000000ef200000,0x00000000ef200000,0x00000000ef600000)
 ParOldGen       total 44032K, used 3115K [0x00000000c1600000, 0x00000000c4100000, 0x00000000eb200000)
  object space 44032K, 7% used [0x00000000c1600000,0x00000000c190ae88,0x00000000c4100000)
 Metaspace       used 10406K, capacity 10532K, committed 10624K, reserved 1058816K
  class space    used 1333K, capacity 1385K, committed 1408K, reserved 1048576K
}

